mode: set
github.com/mornyx/landing-folder-sizer/main.go:32.34,36.2 3 1
github.com/mornyx/landing-folder-sizer/main.go:38.59,39.30 1 1
github.com/mornyx/landing-folder-sizer/main.go:42.2,43.28 2 1
github.com/mornyx/landing-folder-sizer/main.go:49.2,49.29 1 1
github.com/mornyx/landing-folder-sizer/main.go:39.30,41.3 1 1
github.com/mornyx/landing-folder-sizer/main.go:43.28,44.43 1 1
github.com/mornyx/landing-folder-sizer/main.go:47.3,47.47 1 1
github.com/mornyx/landing-folder-sizer/main.go:44.43,46.4 1 1
github.com/mornyx/landing-folder-sizer/main.go:49.29,51.3 1 1
github.com/mornyx/landing-folder-sizer/main.go:54.79,56.2 1 1
github.com/mornyx/landing-folder-sizer/main.go:60.47,62.16 2 1
github.com/mornyx/landing-folder-sizer/main.go:65.2,66.16 2 1
github.com/mornyx/landing-folder-sizer/main.go:69.2,72.29 4 1
github.com/mornyx/landing-folder-sizer/main.go:88.2,93.8 1 1
github.com/mornyx/landing-folder-sizer/main.go:62.16,64.3 1 0
github.com/mornyx/landing-folder-sizer/main.go:66.16,68.3 1 0
github.com/mornyx/landing-folder-sizer/main.go:72.29,73.19 1 1
github.com/mornyx/landing-folder-sizer/main.go:73.19,75.18 2 1
github.com/mornyx/landing-folder-sizer/main.go:78.4,79.28 2 1
github.com/mornyx/landing-folder-sizer/main.go:75.18,77.5 1 0
github.com/mornyx/landing-folder-sizer/main.go:80.9,86.4 2 1
github.com/mornyx/landing-folder-sizer/main.go:101.86,106.16 3 1
github.com/mornyx/landing-folder-sizer/main.go:112.2,113.16 2 1
github.com/mornyx/landing-folder-sizer/main.go:120.2,126.29 7 1
github.com/mornyx/landing-folder-sizer/main.go:139.2,139.12 1 1
github.com/mornyx/landing-folder-sizer/main.go:147.1,148.6 1 1
github.com/mornyx/landing-folder-sizer/main.go:166.2,171.3 1 1
github.com/mornyx/landing-folder-sizer/main.go:106.16,109.3 2 0
github.com/mornyx/landing-folder-sizer/main.go:113.16,116.3 2 0
github.com/mornyx/landing-folder-sizer/main.go:126.29,127.19 1 1
github.com/mornyx/landing-folder-sizer/main.go:127.19,130.4 2 1
github.com/mornyx/landing-folder-sizer/main.go:130.9,136.4 2 1
github.com/mornyx/landing-folder-sizer/main.go:139.12,145.3 3 1
github.com/mornyx/landing-folder-sizer/main.go:148.6,149.10 1 1
github.com/mornyx/landing-folder-sizer/main.go:150.30,151.11 1 1
github.com/mornyx/landing-folder-sizer/main.go:155.4,156.28 2 1
github.com/mornyx/landing-folder-sizer/main.go:157.30,158.11 1 0
github.com/mornyx/landing-folder-sizer/main.go:161.4,161.16 1 0
github.com/mornyx/landing-folder-sizer/main.go:151.11,153.15 1 1
github.com/mornyx/landing-folder-sizer/main.go:158.11,159.15 1 0
github.com/mornyx/landing-folder-sizer/main.go:174.13,181.9 7 0
github.com/mornyx/landing-folder-sizer/main.go:182.22,183.28 1 0
github.com/mornyx/landing-folder-sizer/main.go:184.22,185.13 1 0
